Using pre-set license
Built from '2020.3/staging' branch; Version is '2020.3.8f1 (507919d4fff5) revision 5273881'; Using compiler version '192528614'; Build Type 'Release'
OS: 'Windows 10 Home; OS build 19042.1165; Version 2009; 64bit' Language: 'ru' Physical Memory: 8036 MB
BatchMode: 1, IsHumanControllingUs: 0, StartBugReporterOnCrash: 0, Is64bit: 1, IsPro: 0

 COMMAND LINE ARGUMENTS:
C:\Program Files\Unity\Hub\Editor\2020.3.8f1\Editor\Unity.exe
-adb2
-batchMode
-noUpm
-name
AssetImportWorker0
-projectPath
C:/Users/korij/Documents/unityGames/Particle System Test/Particle-System/Particle System
-logFile
Logs/AssetImportWorker0.log
-srvPort
57123
Successfully changed project path to: C:/Users/korij/Documents/unityGames/Particle System Test/Particle-System/Particle System
C:/Users/korij/Documents/unityGames/Particle System Test/Particle-System/Particle System
Using Asset Import Pipeline V2.
Refreshing native plugins compatible for Editor in 25.13 ms, found 0 plugins.
Preloading 0 native plugins for Editor in 0.00 ms.
Initialize engine version: 2020.3.8f1 (507919d4fff5)
[Subsystems] Discovering subsystems at path C:/Program Files/Unity/Hub/Editor/2020.3.8f1/Editor/Data/Resources/UnitySubsystems
[Subsystems] Discovering subsystems at path C:/Users/korij/Documents/unityGames/Particle System Test/Particle-System/Particle System/Assets
GfxDevice: creating device client; threaded=0
Direct3D:
    Version:  Direct3D 11.0 [level 11.1]
    Renderer: NVIDIA GeForce GTX 1050 (ID=0x1c92)
    Vendor:   
    VRAM:     4021 MB
    Driver:   26.21.14.3184
Initialize mono
Mono path[0] = 'C:/Program Files/Unity/Hub/Editor/2020.3.8f1/Editor/Data/Managed'
Mono path[1] = 'C:/Program Files/Unity/Hub/Editor/2020.3.8f1/Editor/Data/MonoBleedingEdge/lib/mono/unityjit'
Mono config path = 'C:/Program Files/Unity/Hub/Editor/2020.3.8f1/Editor/Data/MonoBleedingEdge/etc'
Using monoOptions --debugger-agent=transport=dt_socket,embedding=1,server=y,suspend=n,address=127.0.0.1:56540
Begin MonoManager ReloadAssembly
Registering precompiled unity dll's ...
Register platform support module: C:/Program Files/Unity/Hub/Editor/2020.3.8f1/Editor/Data/PlaybackEngines/WindowsStandaloneSupport/UnityEditor.WindowsStandalone.Extensions.dll
Registered in 0.002090 seconds.
Native extension for WindowsStandalone target not found
Refreshing native plugins compatible for Editor in 25.91 ms, found 0 plugins.
Preloading 0 native plugins for Editor in 0.00 ms.
Mono: successfully reloaded assembly
- Completed reload, in  1.024 seconds
Platform modules already initialized, skipping
Registering precompiled user dll's ...
Registered in 0.001300 seconds.
Begin MonoManager ReloadAssembly
Native extension for WindowsStandalone target not found
Refreshing native plugins compatible for Editor in 0.23 ms, found 0 plugins.
Preloading 0 native plugins for Editor in 0.00 ms.
Mono: successfully reloaded assembly
- Completed reload, in  0.854 seconds
Platform modules already initialized, skipping
========================================================================
Worker process is ready to serve import requests
Launched and connected shader compiler UnityShaderCompiler.exe after 0.07 seconds
Refreshing native plugins compatible for Editor in 0.21 ms, found 0 plugins.
Preloading 0 native plugins for Editor in 0.00 ms.
Unloading 1115 Unused Serialized files (Serialized files now loaded: 0)
System memory in use before: 148.9 MB.
System memory in use after: 149.0 MB.

Unloading 9 unused Assets to reduce memory usage. Loaded Objects now: 1581.
Total: 1.812800 ms (FindLiveObjects: 0.122800 ms CreateObjectMapping: 0.027300 ms MarkObjects: 1.558300 ms  DeleteObjects: 0.103400 ms)

========================================================================
Received Import Request.
  path: Assets/Scenes/Materials/snow.png
  artifactKey: Guid(cdd4355f4bd48494a9ebd8ac49a997ab) Importer(815301076,1909f56bfc062723c751e8b465ee728b)
Start importing Assets/Scenes/Materials/snow.png using Guid(cdd4355f4bd48494a9ebd8ac49a997ab) Importer(815301076,1909f56bfc062723c751e8b465ee728b)  -> (artifact id: 'a373076a766c6b785de11b891e2d5ae2') in 0.093831 seconds
  Import took 0.096107 seconds .

========================================================================
Received Import Request.
  Time since last request: 44.681069 seconds.
  path: Assets/Scenes/Materials/Snow.mat
  artifactKey: Guid(60deeca1e4e026149a472710c43ff4c4) Importer(815301076,1909f56bfc062723c751e8b465ee728b)
Start importing Assets/Scenes/Materials/Snow.mat using Guid(60deeca1e4e026149a472710c43ff4c4) Importer(815301076,1909f56bfc062723c751e8b465ee728b)  -> (artifact id: '33c1bfbaac402d6ec54e90eb0ec2f09d') in 0.097230 seconds
  Import took 0.099601 seconds .

========================================================================
Received Import Request.
  Time since last request: 49.928724 seconds.
  path: Assets/Scenes/Sprites/snow.png
  artifactKey: Guid(cdd4355f4bd48494a9ebd8ac49a997ab) Importer(815301076,1909f56bfc062723c751e8b465ee728b)
Start importing Assets/Scenes/Sprites/snow.png using Guid(cdd4355f4bd48494a9ebd8ac49a997ab) Importer(815301076,1909f56bfc062723c751e8b465ee728b)  -> (artifact id: 'f98363360f367ac2f83e75f74745a8e1') in 0.028350 seconds
  Import took 0.031056 seconds .

========================================================================
Received Import Request.
  Time since last request: 36.611517 seconds.
  path: Assets/Scenes/Materials/Snow.mat
  artifactKey: Guid(60deeca1e4e026149a472710c43ff4c4) Importer(815301076,1909f56bfc062723c751e8b465ee728b)
Start importing Assets/Scenes/Materials/Snow.mat using Guid(60deeca1e4e026149a472710c43ff4c4) Importer(815301076,1909f56bfc062723c751e8b465ee728b)  -> (artifact id: '7f643de36d539f4a40c403200bb5dd4f') in 0.022413 seconds
  Import took 0.026188 seconds .

========================================================================
Received Import Request.
  Time since last request: 0.009583 seconds.
  path: Assets/Scenes/Materials/Snow.mat
  artifactKey: Guid(60deeca1e4e026149a472710c43ff4c4) Importer(815301076,1909f56bfc062723c751e8b465ee728b)
Start importing Assets/Scenes/Materials/Snow.mat using Guid(60deeca1e4e026149a472710c43ff4c4) Importer(815301076,1909f56bfc062723c751e8b465ee728b)  -> (artifact id: '7f643de36d539f4a40c403200bb5dd4f') in 0.017966 seconds
  Import took 0.020040 seconds .

